\BOOKMARK [0][-]{chapter*.4}{\376\377\000L\001\063\000s\000t\000\040\000v\000a\000n\000\040\000f\000i\000g\000u\000r\000e\000n}{}% 1
\BOOKMARK [0][-]{chapter*.5}{\376\377\000L\001\063\000s\000t\000\040\000v\000a\000n\000\040\000t\000a\000b\000e\000l\000l\000e\000n}{}% 2
\BOOKMARK [0][-]{section*.6}{\376\377\000L\000i\000j\000s\000t\000\040\000v\000a\000n\000\040\000c\000o\000d\000e\000f\000r\000a\000g\000m\000e\000n\000t\000e\000n\000\040}{}% 3
\BOOKMARK [0][-]{chapter.1}{\376\377\000I\000n\000l\000e\000i\000d\000i\000n\000g}{}% 4
\BOOKMARK [1][-]{section.1.1}{\376\377\000P\000r\000o\000b\000l\000e\000e\000m\000s\000t\000e\000l\000l\000i\000n\000g}{chapter.1}% 5
\BOOKMARK [1][-]{section.1.2}{\376\377\000O\000n\000d\000e\000r\000z\000o\000e\000k\000s\000v\000r\000a\000a\000g}{chapter.1}% 6
\BOOKMARK [1][-]{section.1.3}{\376\377\000D\000e\000e\000l\000v\000r\000a\000g\000e\000n}{chapter.1}% 7
\BOOKMARK [1][-]{section.1.4}{\376\377\000O\000n\000d\000e\000r\000z\000o\000e\000k\000s\000d\000o\000e\000l\000s\000t\000e\000l\000l\000i\000n\000g}{chapter.1}% 8
\BOOKMARK [1][-]{section.1.5}{\376\377\000O\000p\000z\000e\000t\000\040\000v\000a\000n\000\040\000d\000e\000z\000e\000\040\000b\000a\000c\000h\000e\000l\000o\000r\000p\000r\000o\000e\000f}{chapter.1}% 9
\BOOKMARK [0][-]{chapter.2}{\376\377\000S\000t\000a\000n\000d\000\040\000v\000a\000n\000\040\000z\000a\000k\000e\000n}{}% 10
\BOOKMARK [1][-]{subsection.2.0.1}{\376\377\000B\000a\000c\000k\000-\000u\000p\000s\000\040\000i\000n\000\040\000h\000e\000t\000\040\000k\000a\000d\000e\000r\000\040\000v\000a\000n\000\040\000b\000e\000d\000r\000i\000j\000f\000s\000c\000o\000n\000t\000i\000n\000u\000\357\000t\000e\000i\000t\000\040\000e\000n\000\040\000d\000i\000s\000a\000s\000t\000e\000r\000\040\000r\000e\000c\000o\000v\000e\000r\000y}{chapter.2}% 11
\BOOKMARK [2][-]{subsection.2.0.2}{\376\377\000B\000a\000c\000k\000-\000u\000p\000m\000e\000t\000h\000o\000d\000e\000n\000\040\000e\000n\000\040\000-\000t\000e\000c\000h\000n\000i\000e\000k\000e\000n}{subsection.2.0.1}% 12
\BOOKMARK [2][-]{subsection.2.0.3}{\376\377\000R\000a\000n\000s\000o\000m\000w\000a\000r\000e}{subsection.2.0.1}% 13
\BOOKMARK [2][-]{subsection.2.0.4}{\376\377\000R\000a\000n\000s\000o\000m\000w\000a\000r\000e\000-\000r\000e\000s\000i\000s\000t\000e\000n\000t\000e\000\040\000b\000a\000c\000k\000-\000u\000p\000o\000p\000l\000o\000s\000s\000i\000n\000g\000e\000n}{subsection.2.0.1}% 14
\BOOKMARK [2][-]{subsection.2.0.5}{\376\377\000T\000e\000c\000h\000n\000o\000l\000o\000g\000i\000s\000c\000h\000e\000\040\000b\000a\000s\000i\000s\000\040\000v\000o\000o\000r\000\040\000d\000e\000\040\000P\000r\000o\000o\000f\000-\000o\000f\000-\000C\000o\000n\000c\000e\000p\000t}{subsection.2.0.1}% 15
\BOOKMARK [0][-]{chapter.3}{\376\377\000M\000e\000t\000h\000o\000d\000o\000l\000o\000g\000i\000e}{}% 16
\BOOKMARK [1][-]{subsection.3.0.1}{\376\377\000R\000e\000q\000u\000i\000r\000e\000m\000e\000n\000t\000s\000-\000a\000n\000a\000l\000y\000s\000e}{chapter.3}% 17
\BOOKMARK [2][-]{subsection.3.0.2}{\376\377\000P\000r\000o\000o\000f\000-\000O\000f\000-\000C\000o\000n\000c\000e\000p\000t}{subsection.3.0.1}% 18
\BOOKMARK [0][-]{chapter.4}{\376\377\000A\000n\000a\000l\000y\000s\000e\000\040\000v\000a\000n\000\040\000d\000e\000\040\000b\000a\000c\000k\000-\000u\000p\000s\000t\000r\000a\000t\000e\000g\000i\000e\000\040\000v\000a\000n\000\040\000F\000o\000r\000v\000i\000s\000\040\000M\000a\000z\000a\000r\000s}{}% 19
\BOOKMARK [0][-]{chapter.5}{\376\377\000P\000r\000o\000o\000f\000-\000o\000f\000-\000C\000o\000n\000c\000e\000p\000t}{}% 20
\BOOKMARK [1][-]{subsection.5.0.1}{\376\377\000R\000e\000l\000e\000v\000a\000n\000t\000i\000e\000\040\000v\000a\000n\000\040\000d\000e\000\040\000P\000o\000C\000\040\000v\000o\000o\000r\000\040\000d\000e\000\040\000A\000z\000u\000r\000e\000-\000o\000m\000g\000e\000v\000i\000n\000g\000\040\000v\000a\000n\000\040\000F\000o\000r\000v\000i\000s\000\040\000M\000a\000z\000a\000r\000s}{chapter.5}% 21
\BOOKMARK [2][-]{subsection.5.0.2}{\376\377\000T\000e\000c\000h\000n\000i\000s\000c\000h\000e\000\040\000u\000i\000t\000w\000e\000r\000k\000i\000n\000g}{subsection.5.0.1}% 22
\BOOKMARK [2][-]{subsection.5.0.3}{\376\377\000I\000m\000p\000l\000e\000m\000e\000n\000t\000a\000t\000i\000e\000\040\000v\000a\000n\000\040\000i\000m\000m\000u\000t\000a\000b\000l\000e\000\040\000s\000t\000o\000r\000a\000g\000e\000\040\000i\000n\000\040\000d\000e\000\040\000A\000z\000u\000r\000e\000-\000o\000m\000g\000e\000v\000i\000n\000g}{subsection.5.0.1}% 23
\BOOKMARK [2][-]{subsection.5.0.4}{\376\377\000I\000m\000p\000l\000e\000m\000e\000n\000t\000a\000t\000i\000e\000\040\000v\000a\000n\000\040\000d\000e\000\040\000K\000u\000b\000e\000r\000n\000e\000t\000e\000s\000-\000g\000e\000b\000a\000s\000e\000e\000r\000d\000e\000\040\000a\000u\000t\000o\000m\000a\000t\000i\000s\000c\000h\000e\000\040\000b\000a\000c\000k\000-\000u\000p\000o\000p\000l\000o\000s\000s\000i\000n\000g}{subsection.5.0.1}% 24
\BOOKMARK [2][-]{subsection.5.0.5}{\376\377\000H\000e\000r\000s\000t\000e\000l\000c\000a\000p\000a\000c\000i\000t\000e\000i\000t\000\040\000\050\000R\000e\000s\000t\000o\000r\000e\000\040\000f\000r\000o\000m\000\040\000B\000a\000c\000k\000u\000p\000\051}{subsection.5.0.1}% 25
\BOOKMARK [0][-]{chapter.6}{\376\377\000C\000o\000n\000c\000l\000u\000s\000i\000e}{}% 26
\BOOKMARK [0][-]{appendix.A}{\376\377\000O\000n\000d\000e\000r\000z\000o\000e\000k\000s\000v\000o\000o\000r\000s\000t\000e\000l}{}% 27
\BOOKMARK [1][-]{subsection.A.0.1}{\376\377\000a\000b\000s\000t\000r\000a\000c\000t}{appendix.A}% 28
\BOOKMARK [2][-]{subsection.A.0.2}{\376\377\000I\000n\000l\000e\000i\000d\000i\000n\000g}{subsection.A.0.1}% 29
\BOOKMARK [2][-]{subsection.A.0.3}{\376\377\000L\000i\000t\000e\000r\000a\000t\000u\000u\000r\000s\000t\000u\000d\000i\000e}{subsection.A.0.1}% 30
\BOOKMARK [2][-]{subsection.A.0.4}{\376\377\000M\000e\000t\000h\000o\000d\000o\000l\000o\000g\000i\000e}{subsection.A.0.1}% 31
\BOOKMARK [2][-]{subsection.A.0.5}{\376\377\000V\000e\000r\000w\000a\000c\000h\000t\000\040\000r\000e\000s\000u\000l\000t\000a\000a\000t\000,\000\040\000c\000o\000n\000c\000l\000u\000s\000i\000e}{subsection.A.0.1}% 32
\BOOKMARK [0][-]{appendix*.22}{\376\377\000B\000i\000b\000l\000i\000o\000g\000r\000a\000f\000i\000e}{}% 33
